<?xml version="1.0" encoding="UTF-8"?>
<testsuite xmlns:xsi="http://www.w3.org/2001/XMLSchema-instance" xsi:noNamespaceSchemaLocation="https://maven.apache.org/surefire/maven-surefire-plugin/xsd/surefire-test-report-3.0.xsd" version="3.0" name="commands.SearchCreditOfferByBankTest" time="0.314" tests="2" errors="2" skipped="0" failures="0">
  <properties>
[...]
</properties>
  <testcase name="testExecuteOffersFound" classname="commands.SearchCreditOfferByBankTest" time="0.194">
    <error type="org.mockito.exceptions.base.MockitoException"><![CDATA[org.mockito.exceptions.base.MockitoException: 

Mockito cannot mock this class: class credit.CreditOfferManager.

If you're not sure why you're getting this error, please open an issue on GitHub.


Java               : 22
JVM vendor name    : Oracle Corporation
JVM vendor version : 22.0.2+9-70
JVM name           : Java HotSpot(TM) 64-Bit Server VM
JVM version        : 22.0.2+9-70
JVM info           : mixed mode, sharing
OS name            : Windows 11
OS version         : 10.0


You are seeing this disclaimer because Mockito is configured to create inlined mocks.
You can learn about inline mocks and their limitations under item #39 of the Mockito class javadoc.

Underlying exception : org.mockito.exceptions.base.MockitoException: Could not modify all classes [class credit.CreditOfferManager, class java.lang.Object]
	at commands.SearchCreditOfferByBankTest.setUp(SearchCreditOfferByBankTest.java:25)
Caused by: org.mockito.exceptions.base.MockitoException: Could not modify all classes [class credit.CreditOfferManager, class java.lang.Object]
	at commands.SearchCreditOfferByBankTest.setUp(SearchCreditOfferByBankTest.java:25)
Caused by: java.lang.IllegalStateException: 

Byte Buddy could not instrument all classes within the mock's type hierarchy

This problem should never occur for javac-compiled classes. This problem has been observed for classes that are:
 - Compiled by older versions of scalac
 - Classes that are part of the Android distribution
	at commands.SearchCreditOfferByBankTest.setUp(SearchCreditOfferByBankTest.java:25)
Caused by: java.lang.IllegalArgumentException: Java 22 (66) is not supported by the current version of Byte Buddy which officially supports Java 21 (65) - update Byte Buddy or set net.bytebuddy.experimental as a VM property
	at commands.SearchCreditOfferByBankTest.setUp(SearchCreditOfferByBankTest.java:25)
]]></error>
  </testcase>
  <testcase name="testExecuteNoOffersFound" classname="commands.SearchCreditOfferByBankTest" time="0.09">
    <error type="org.mockito.exceptions.base.MockitoException"><![CDATA[org.mockito.exceptions.base.MockitoException: 

Mockito cannot mock this class: class credit.CreditOfferManager.

If you're not sure why you're getting this error, please open an issue on GitHub.


Java               : 22
JVM vendor name    : Oracle Corporation
JVM vendor version : 22.0.2+9-70
JVM name           : Java HotSpot(TM) 64-Bit Server VM
JVM version        : 22.0.2+9-70
JVM info           : mixed mode, sharing
OS name            : Windows 11
OS version         : 10.0


You are seeing this disclaimer because Mockito is configured to create inlined mocks.
You can learn about inline mocks and their limitations under item #39 of the Mockito class javadoc.

Underlying exception : org.mockito.exceptions.base.MockitoException: Could not modify all classes [class credit.CreditOfferManager, class java.lang.Object]
	at commands.SearchCreditOfferByBankTest.setUp(SearchCreditOfferByBankTest.java:25)
Caused by: org.mockito.exceptions.base.MockitoException: Could not modify all classes [class credit.CreditOfferManager, class java.lang.Object]
	at commands.SearchCreditOfferByBankTest.setUp(SearchCreditOfferByBankTest.java:25)
Caused by: java.lang.IllegalStateException: 

Byte Buddy could not instrument all classes within the mock's type hierarchy

This problem should never occur for javac-compiled classes. This problem has been observed for classes that are:
 - Compiled by older versions of scalac
 - Classes that are part of the Android distribution
	at commands.SearchCreditOfferByBankTest.setUp(SearchCreditOfferByBankTest.java:25)
Caused by: java.lang.IllegalArgumentException: Java 22 (66) is not supported by the current version of Byte Buddy which officially supports Java 21 (65) - update Byte Buddy or set net.bytebuddy.experimental as a VM property
	at commands.SearchCreditOfferByBankTest.setUp(SearchCreditOfferByBankTest.java:25)
]]></error>
  </testcase>
</testsuite>