<?xml version="1.0" encoding="UTF-8"?>
<testsuite xmlns:xsi="http://www.w3.org/2001/XMLSchema-instance" xsi:noNamespaceSchemaLocation="https://maven.apache.org/surefire/maven-surefire-plugin/xsd/surefire-test-report-3.0.xsd" version="3.0" name="credit.CreditOfferTest" time="0.147" tests="6" errors="3" skipped="0" failures="2">
  <properties>
[...]
</properties>
  <testcase name="testToString" classname="credit.CreditOfferTest" time="0.016">
    <failure type="org.opentest4j.AssertionFailedError"><![CDATA[org.opentest4j.AssertionFailedError: expected: <Банк: Example Bank, Ставка: 3.5%, Термін: 24 міс., Дострокове погашення: Так, Збільшення кредитної лінії: Ні> but was: <Банк: Example Bank, Ставка: 3.5%, Термін: 24 міс., Дострокове погашення: Так, Збільшення кредитної лінії: Ні, Максимальна сума кредиту: 10000.0>
	at credit.CreditOfferTest.testToString(CreditOfferTest.java:44)
]]></failure>
  </testcase>
  <testcase name="testIsEarlyRepayment" classname="credit.CreditOfferTest" time="0.037">
    <error type="java.lang.StackOverflowError"><![CDATA[java.lang.StackOverflowError
]]></error>
  </testcase>
  <testcase name="testGetRate" classname="credit.CreditOfferTest" time="0.016">
    <error type="java.lang.StackOverflowError"><![CDATA[java.lang.StackOverflowError
]]></error>
  </testcase>
  <testcase name="testGetTerm" classname="credit.CreditOfferTest" time="0.002">
    <failure type="org.opentest4j.AssertionFailedError"><![CDATA[org.opentest4j.AssertionFailedError: expected: <24> but was: <0>
	at credit.CreditOfferTest.testGetTerm(CreditOfferTest.java:28)
]]></failure>
  </testcase>
  <testcase name="testGetBankName" classname="credit.CreditOfferTest" time="0.004"/>
  <testcase name="testIsCreditLineIncrease" classname="credit.CreditOfferTest" time="0.032">
    <error type="java.lang.StackOverflowError"><![CDATA[java.lang.StackOverflowError
]]></error>
  </testcase>
</testsuite>